SF:lib/login/cubit/login_state.dart
DA:4,10
DA:18,2
DA:19,12
DA:21,2
DA:28,2
DA:29,2
DA:30,2
DA:31,2
DA:32,2
DA:33,2
LF:10
LH:10
end_of_record
SF:lib/login/cubit/login_cubit.dart
DA:10,2
DA:14,1
DA:15,1
DA:16,1
DA:17,2
DA:19,4
DA:24,1
DA:25,1
DA:26,1
DA:27,2
DA:29,4
DA:34,1
DA:35,2
DA:36,3
DA:38,2
DA:39,3
DA:40,3
DA:42,3
DA:43,1
DA:44,1
DA:45,2
DA:46,1
DA:51,0
DA:55,1
DA:56,3
DA:58,2
DA:59,3
DA:60,1
DA:61,1
DA:62,2
DA:63,1
DA:68,0
LF:32
LH:30
end_of_record
SF:lib/login/view/login_form.dart
DA:9,5
DA:11,1
DA:13,1
DA:14,1
DA:15,2
DA:16,1
DA:17,1
DA:18,1
DA:19,1
DA:20,2
DA:25,1
DA:27,1
DA:28,1
DA:30,1
DA:31,1
DA:36,1
DA:38,1
DA:40,1
DA:42,1
DA:44,1
DA:54,1
DA:56,1
DA:57,4
DA:60,1
DA:62,0
DA:64,1
DA:74,1
DA:76,1
DA:77,4
DA:80,1
DA:82,0
DA:83,0
DA:85,1
DA:95,1
DA:97,1
DA:98,4
DA:103,1
DA:104,3
DA:107,1
DA:109,1
DA:110,1
DA:111,1
DA:116,0
DA:124,1
DA:126,1
DA:127,1
DA:133,1
DA:134,1
DA:135,1
DA:137,2
DA:140,3
DA:146,1
DA:148,1
DA:149,1
DA:151,0
DA:152,1
DA:154,2
LF:57
LH:52
end_of_record
SF:lib/login/view/login_page.dart
DA:7,5
DA:9,0
DA:11,0
DA:13,0
DA:14,0
DA:15,0
DA:17,0
DA:18,0
LF:8
LH:1
end_of_record
SF:lib/sign_up/cubit/sign_up_cubit.dart
DA:10,0
DA:14,0
DA:15,0
DA:16,0
DA:17,0
DA:19,0
DA:21,0
DA:22,0
DA:28,0
DA:29,0
DA:30,0
DA:31,0
DA:32,0
DA:34,0
DA:35,0
DA:38,0
DA:39,0
DA:47,0
DA:48,0
DA:49,0
DA:52,0
DA:53,0
DA:55,0
DA:56,0
DA:57,0
DA:64,0
DA:65,0
DA:66,0
DA:68,0
DA:69,0
DA:70,0
DA:72,0
DA:73,0
DA:74,0
DA:75,0
DA:76,0
DA:81,0
LF:37
LH:0
end_of_record
SF:lib/sign_up/cubit/sign_up_state.dart
DA:4,4
DA:20,0
DA:21,0
DA:22,0
DA:23,0
DA:24,0
DA:25,0
DA:26,0
DA:27,0
DA:30,0
DA:38,0
DA:39,0
DA:40,0
DA:41,0
DA:42,0
DA:43,0
DA:44,0
LF:17
LH:1
end_of_record
SF:lib/sign_up/view/sign_up_form.dart
DA:7,4
DA:9,0
DA:11,0
DA:12,0
DA:13,0
DA:14,0
DA:15,0
DA:16,0
DA:17,0
DA:18,0
DA:19,0
DA:23,0
DA:25,0
DA:27,0
DA:28,0
DA:30,0
DA:32,0
DA:34,0
DA:43,0
DA:45,0
DA:46,0
DA:49,0
DA:51,0
DA:53,0
DA:63,0
DA:65,0
DA:66,0
DA:69,0
DA:71,0
DA:72,0
DA:74,0
DA:84,0
DA:86,0
DA:87,0
DA:90,0
DA:92,0
DA:93,0
DA:95,0
DA:105,0
DA:107,0
DA:108,0
DA:113,0
DA:114,0
DA:117,0
DA:119,0
DA:120,0
DA:121,0
DA:126,0
LF:48
LH:1
end_of_record
SF:lib/sign_up/view/sign_up_page.dart
DA:7,4
DA:9,0
DA:10,0
DA:13,0
DA:15,0
DA:16,0
DA:17,0
DA:19,0
DA:20,0
LF:9
LH:1
end_of_record
